<?xml version="1.0" encoding="UTF-8"?>
<testng-results ignored="0" total="1" passed="1" failed="0" skipped="0">
  <reporter-output>
  </reporter-output>
  <suite started-at="2021-07-22T18:38:25 IST" name="Banking App TestCases" finished-at="2021-07-22T18:38:50 IST" duration-ms="25291">
    <groups>
    </groups>
    <test started-at="2021-07-22T18:38:25 IST" name="Regression Test" finished-at="2021-07-22T18:38:50 IST" duration-ms="25291">
      <class name="TestNGExamples.LoginTest">
        <test-method is-config="true" signature="Setup()[pri:0, instance:TestNGExamples.LoginTest@609db43b]" started-at="2021-07-22T18:38:25 IST" name="Setup" finished-at="2021-07-22T18:38:32 IST" duration-ms="7210" status="PASS">
          <reporter-output>
          </reporter-output>
        </test-method> <!-- Setup -->
        <test-method signature="Testcase1()[pri:0, instance:TestNGExamples.LoginTest@609db43b]" started-at="2021-07-22T18:38:32 IST" name="Testcase1" finished-at="2021-07-22T18:38:49 IST" duration-ms="16376" status="PASS">
          <reporter-output>
          </reporter-output>
        </test-method> <!-- Testcase1 -->
        <test-method is-config="true" signature="Cleanup()[pri:0, instance:TestNGExamples.LoginTest@609db43b]" started-at="2021-07-22T18:38:49 IST" name="Cleanup" finished-at="2021-07-22T18:38:50 IST" duration-ms="1658" status="PASS">
          <reporter-output>
          </reporter-output>
        </test-method> <!-- Cleanup -->
      </class> <!-- TestNGExamples.LoginTest -->
    </test> <!-- Regression Test -->
  </suite> <!-- Banking App TestCases -->
</testng-results>
