<?xml version="1.0" encoding="UTF-8"?>
<testng-results skipped="0" failed="0" ignored="0" total="1" passed="1">
  <reporter-output>
  </reporter-output>
  <suite name="Default suite" duration-ms="24625" started-at="2021-07-21T23:43:26 IST" finished-at="2021-07-21T23:43:51 IST">
    <groups>
    </groups>
    <test name="Default test" duration-ms="24625" started-at="2021-07-21T23:43:26 IST" finished-at="2021-07-21T23:43:51 IST">
      <class name="TestNGExamples.LoginTest">
        <test-method status="PASS" signature="Setup()[pri:0, instance:TestNGExamples.LoginTest@34cd072c]" name="Setup" is-config="true" duration-ms="6210" started-at="2021-07-21T23:43:26 IST" finished-at="2021-07-21T23:43:32 IST">
          <reporter-output>
          </reporter-output>
        </test-method> <!-- Setup -->
        <test-method status="PASS" signature="Testcase1()[pri:0, instance:TestNGExamples.LoginTest@34cd072c]" name="Testcase1" duration-ms="17364" started-at="2021-07-21T23:43:32 IST" finished-at="2021-07-21T23:43:50 IST">
          <reporter-output>
          </reporter-output>
        </test-method> <!-- Testcase1 -->
        <test-method status="PASS" signature="Cleanup()[pri:0, instance:TestNGExamples.LoginTest@34cd072c]" name="Cleanup" is-config="true" duration-ms="1005" started-at="2021-07-21T23:43:50 IST" finished-at="2021-07-21T23:43:51 IST">
          <reporter-output>
          </reporter-output>
        </test-method> <!-- Cleanup -->
      </class> <!-- TestNGExamples.LoginTest -->
    </test> <!-- Default test -->
  </suite> <!-- Default suite -->
</testng-results>
