<?xml version="1.0" encoding="UTF-8"?>
<!-- Generated by org.testng.reporters.JUnitXMLReporter -->
<testsuite hostname="LAPTOP-AFKI2CGS" ignored="0" name="Regression Test" tests="4" failures="0" timestamp="2021-07-21T20:05:51 IST" time="15.722" errors="0">
  <testcase name="CreditCardtest" time="0.007" classname="TestNGExamples.TestCase1"/>
  <testcase name="LoanTest" time="0.002" classname="TestNGExamples.TestCase1"/>
  <testcase name="InsuranceTest" time="0.002" classname="TestNGExamples.TestCase2"/>
  <testcase name="Testcase1" time="7.928" classname="TestNGExamples.LoginTest"/>
</testsuite> <!-- Regression Test -->
